<?xml version="1.0" encoding="UTF-8"?>
<!-- Generated by org.testng.reporters.JUnitReportReporter -->
<testsuite hostname="DESKTOP-539GBCR" failures="0" tests="1" name="com.amol.automation.testcase.FlighBooking" time="0.586" errors="0" timestamp="2024-05-14T11:00:16 IST" skipped="0">
  <testcase classname="com.amol.automation.testcase.FlighBooking" name="flightBook" time="0.586"/>
  <system-out/>
</testsuite> <!-- com.amol.automation.testcase.FlighBooking -->
